<?xml version="1.0" encoding="UTF-8"?>
<!-- Generated by org.testng.reporters.JUnitReportReporter -->
<testsuite hostname="DESK-SS" failures="0" tests="3" name="Shopper.Concept" time="0.014" errors="0" timestamp="2026-03-10T14:44:11 IST" skipped="1">
  <testcase classname="Shopper.Concept" name="btest" time="0.012"/>
  <testcase classname="Shopper.Concept" name="atest" time="0.002"/>
  <testcase classname="Shopper.Concept" name="ctest">
    <skipped/>
  </testcase> <!-- ctest -->
</testsuite> <!-- Shopper.Concept -->
