<?xml version="1.0" encoding="UTF-8"?>
<!-- Generated by org.testng.reporters.JUnitXMLReporter -->
<testsuite ignored="0" hostname="DESK-SS" failures="0" tests="5" name="Default test" time="8.933" errors="0" timestamp="2026-03-12T11:25:19 IST">
  <testcase classname="POJO.ShopperAddToCart" name="fetchAll" time="2.261"/>
  <testcase classname="POJO.ShopperAddToCart" name="addToCart" time="0.676"/>
  <testcase classname="POJO.ShopperAddToCart" name="updateCart" time="0.691"/>
  <testcase classname="POJO.ShopperAddToCart" name="getCart" time="0.561"/>
  <testcase classname="POJO.ShopperAddToCart" name="deleteCart" time="0.588"/>
</testsuite> <!-- Default test -->
