<?xml version="1.0" encoding="UTF-8"?>
<testng-results ignored="0" total="5" passed="5" failed="0" skipped="0">
  <reporter-output>
  </reporter-output>
  <suite started-at="2026-03-12T11:25:11 IST" name="Default suite" finished-at="2026-03-12T11:25:19 IST" duration-ms="8933">
    <groups>
    </groups>
    <test started-at="2026-03-12T11:25:11 IST" name="Default test" finished-at="2026-03-12T11:25:19 IST" duration-ms="8933">
      <class name="POJO.ShopperAddToCart">
        <test-method is-config="true" signature="loginTest()[pri:0, instance:POJO.ShopperAddToCart@44c03695]" started-at="2026-03-12T11:25:11 IST" name="loginTest" finished-at="2026-03-12T11:25:15 IST" duration-ms="4067" status="PASS">
          <reporter-output>
          </reporter-output>
        </test-method> <!-- loginTest -->
        <test-method signature="fetchAll()[pri:0, instance:POJO.ShopperAddToCart@44c03695]" started-at="2026-03-12T11:25:15 IST" name="fetchAll" finished-at="2026-03-12T11:25:17 IST" duration-ms="2261" status="PASS">
          <reporter-output>
          </reporter-output>
        </test-method> <!-- fetchAll -->
        <test-method signature="addToCart()[pri:0, instance:POJO.ShopperAddToCart@44c03695]" started-at="2026-03-12T11:25:17 IST" name="addToCart" finished-at="2026-03-12T11:25:18 IST" depends-on-methods="POJO.ShopperAddToCart.fetchAll" duration-ms="676" status="PASS">
          <reporter-output>
          </reporter-output>
        </test-method> <!-- addToCart -->
        <test-method signature="updateCart()[pri:0, instance:POJO.ShopperAddToCart@44c03695]" started-at="2026-03-12T11:25:18 IST" name="updateCart" finished-at="2026-03-12T11:25:18 IST" depends-on-methods="POJO.ShopperAddToCart.addToCart" duration-ms="691" status="PASS">
          <reporter-output>
          </reporter-output>
        </test-method> <!-- updateCart -->
        <test-method signature="getCart()[pri:0, instance:POJO.ShopperAddToCart@44c03695]" started-at="2026-03-12T11:25:18 IST" name="getCart" finished-at="2026-03-12T11:25:19 IST" depends-on-methods="POJO.ShopperAddToCart.updateCart" duration-ms="561" status="PASS">
          <reporter-output>
          </reporter-output>
        </test-method> <!-- getCart -->
        <test-method signature="deleteCart()[pri:0, instance:POJO.ShopperAddToCart@44c03695]" started-at="2026-03-12T11:25:19 IST" name="deleteCart" finished-at="2026-03-12T11:25:19 IST" depends-on-methods="POJO.ShopperAddToCart.getCart" duration-ms="588" status="PASS">
          <reporter-output>
          </reporter-output>
        </test-method> <!-- deleteCart -->
      </class> <!-- POJO.ShopperAddToCart -->
    </test> <!-- Default test -->
  </suite> <!-- Default suite -->
</testng-results>
